\BOOKMARK [1][-]{section.1}{引言}{}% 1
\BOOKMARK [2][-]{subsection.1.1}{实验目的}{section.1}% 2
\BOOKMARK [2][-]{subsection.1.2}{国内外研究现状}{section.1}% 3
\BOOKMARK [1][-]{section.2}{实验环境介绍}{}% 4
\BOOKMARK [2][-]{subsection.2.1}{Verilog\040HDL}{section.2}% 5
\BOOKMARK [2][-]{subsection.2.2}{Venus}{section.2}% 6
\BOOKMARK [2][-]{subsection.2.3}{ModelSim}{section.2}% 7
\BOOKMARK [2][-]{subsection.2.4}{Xilinx\040ISE}{section.2}% 8
\BOOKMARK [2][-]{subsection.2.5}{SWORD}{section.2}% 9
\BOOKMARK [1][-]{section.3}{概要设计 - 单周期}{}% 10
\BOOKMARK [2][-]{subsection.3.1}{总体设计}{section.3}% 11
\BOOKMARK [2][-]{subsection.3.2}{PC（程序计数器）}{section.3}% 12
\BOOKMARK [3][-]{subsubsection.3.2.1}{功能描述}{subsection.3.2}% 13
\BOOKMARK [3][-]{subsubsection.3.2.2}{模块接口}{subsection.3.2}% 14
\BOOKMARK [2][-]{subsection.3.3}{RF（寄存器文件）}{section.3}% 15
\BOOKMARK [3][-]{subsubsection.3.3.1}{功能描述}{subsection.3.3}% 16
\BOOKMARK [3][-]{subsubsection.3.3.2}{模块接口}{subsection.3.3}% 17
\BOOKMARK [2][-]{subsection.3.4}{Ctrl（控制模块）}{section.3}% 18
\BOOKMARK [3][-]{subsubsection.3.4.1}{功能描述}{subsection.3.4}% 19
\BOOKMARK [3][-]{subsubsection.3.4.2}{模块接口}{subsection.3.4}% 20
\BOOKMARK [2][-]{subsection.3.5}{ALU（运算单元）}{section.3}% 21
\BOOKMARK [3][-]{subsubsection.3.5.1}{功能描述}{subsection.3.5}% 22
\BOOKMARK [3][-]{subsubsection.3.5.2}{模块接口}{subsection.3.5}% 23
\BOOKMARK [2][-]{subsection.3.6}{EXT（符号扩展）}{section.3}% 24
\BOOKMARK [3][-]{subsubsection.3.6.1}{功能描述}{subsection.3.6}% 25
\BOOKMARK [3][-]{subsubsection.3.6.2}{模块接口}{subsection.3.6}% 26
\BOOKMARK [2][-]{subsection.3.7}{DM（数据存储器）}{section.3}% 27
\BOOKMARK [3][-]{subsubsection.3.7.1}{功能描述}{subsection.3.7}% 28
\BOOKMARK [3][-]{subsubsection.3.7.2}{模块接口}{subsection.3.7}% 29
\BOOKMARK [2][-]{subsection.3.8}{IM（指令存储器）}{section.3}% 30
\BOOKMARK [3][-]{subsubsection.3.8.1}{功能描述}{subsection.3.8}% 31
\BOOKMARK [3][-]{subsubsection.3.8.2}{模块接口}{subsection.3.8}% 32
\BOOKMARK [2][-]{subsection.3.9}{NPC（下一指令地址）}{section.3}% 33
\BOOKMARK [3][-]{subsubsection.3.9.1}{功能描述}{subsection.3.9}% 34
\BOOKMARK [3][-]{subsubsection.3.9.2}{模块接口}{subsection.3.9}% 35
\BOOKMARK [1][-]{section.4}{详细设计 - 单周期}{}% 36
\BOOKMARK [2][-]{subsection.4.1}{CPU总体结构}{section.4}% 37
\BOOKMARK [2][-]{subsection.4.2}{PC（程序计数器）}{section.4}% 38
\BOOKMARK [2][-]{subsection.4.3}{RF（程序计数器）}{section.4}% 39
\BOOKMARK [2][-]{subsection.4.4}{Ctrl（控制模块）}{section.4}% 40
\BOOKMARK [2][-]{subsection.4.5}{ALU（运算单元）}{section.4}% 41
\BOOKMARK [2][-]{subsection.4.6}{EXT（符号扩展）}{section.4}% 42
\BOOKMARK [2][-]{subsection.4.7}{NPC（下一指令地址）}{section.4}% 43
\BOOKMARK [1][-]{section.5}{概要设计 - 流水线}{}% 44
\BOOKMARK [2][-]{subsection.5.1}{总体设计}{section.5}% 45
\BOOKMARK [2][-]{subsection.5.2}{PC（程序计数器）}{section.5}% 46
\BOOKMARK [3][-]{subsubsection.5.2.1}{功能描述}{subsection.5.2}% 47
\BOOKMARK [3][-]{subsubsection.5.2.2}{模块接口}{subsection.5.2}% 48
\BOOKMARK [2][-]{subsection.5.3}{RF（寄存器文件）}{section.5}% 49
\BOOKMARK [3][-]{subsubsection.5.3.1}{功能描述}{subsection.5.3}% 50
\BOOKMARK [3][-]{subsubsection.5.3.2}{模块接口}{subsection.5.3}% 51
\BOOKMARK [2][-]{subsection.5.4}{Ctrl（控制模块）}{section.5}% 52
\BOOKMARK [3][-]{subsubsection.5.4.1}{功能描述}{subsection.5.4}% 53
\BOOKMARK [3][-]{subsubsection.5.4.2}{模块接口}{subsection.5.4}% 54
\BOOKMARK [2][-]{subsection.5.5}{ALU（运算单元）}{section.5}% 55
\BOOKMARK [3][-]{subsubsection.5.5.1}{功能描述}{subsection.5.5}% 56
\BOOKMARK [3][-]{subsubsection.5.5.2}{模块接口}{subsection.5.5}% 57
\BOOKMARK [2][-]{subsection.5.6}{EXT（符号扩展）}{section.5}% 58
\BOOKMARK [3][-]{subsubsection.5.6.1}{功能描述}{subsection.5.6}% 59
\BOOKMARK [3][-]{subsubsection.5.6.2}{模块接口}{subsection.5.6}% 60
\BOOKMARK [2][-]{subsection.5.7}{DM（数据存储器）}{section.5}% 61
\BOOKMARK [3][-]{subsubsection.5.7.1}{功能描述}{subsection.5.7}% 62
\BOOKMARK [3][-]{subsubsection.5.7.2}{模块接口}{subsection.5.7}% 63
\BOOKMARK [2][-]{subsection.5.8}{IM（指令存储器）}{section.5}% 64
\BOOKMARK [3][-]{subsubsection.5.8.1}{功能描述}{subsection.5.8}% 65
\BOOKMARK [3][-]{subsubsection.5.8.2}{模块接口}{subsection.5.8}% 66
\BOOKMARK [2][-]{subsection.5.9}{flop（流水线寄存器）}{section.5}% 67
\BOOKMARK [3][-]{subsubsection.5.9.1}{功能描述}{subsection.5.9}% 68
\BOOKMARK [3][-]{subsubsection.5.9.2}{模块接口}{subsection.5.9}% 69
\BOOKMARK [2][-]{subsection.5.10}{hazard（冒险探测）}{section.5}% 70
\BOOKMARK [3][-]{subsubsection.5.10.1}{功能描述}{subsection.5.10}% 71
\BOOKMARK [3][-]{subsubsection.5.10.2}{模块接口}{subsection.5.10}% 72
\BOOKMARK [2][-]{subsection.5.11}{forward（旁路前递）}{section.5}% 73
\BOOKMARK [3][-]{subsubsection.5.11.1}{功能描述}{subsection.5.11}% 74
\BOOKMARK [3][-]{subsubsection.5.11.2}{模块接口}{subsection.5.11}% 75
\BOOKMARK [1][-]{section.6}{详细设计 - 流水线}{}% 76
\BOOKMARK [2][-]{subsection.6.1}{CPU总体结构}{section.6}% 77
\BOOKMARK [2][-]{subsection.6.2}{datapath（数据通路）}{section.6}% 78
\BOOKMARK [2][-]{subsection.6.3}{PC（程序计数器）}{section.6}% 79
\BOOKMARK [2][-]{subsection.6.4}{RF（寄存器文件）}{section.6}% 80
\BOOKMARK [2][-]{subsection.6.5}{Ctrl（控制模块）}{section.6}% 81
\BOOKMARK [2][-]{subsection.6.6}{ALU（运算单元）}{section.6}% 82
\BOOKMARK [2][-]{subsection.6.7}{EXT（符号扩展）}{section.6}% 83
\BOOKMARK [2][-]{subsection.6.8}{flop（流水线寄存器）}{section.6}% 84
\BOOKMARK [2][-]{subsection.6.9}{hazard（冒险探测）}{section.6}% 85
\BOOKMARK [2][-]{subsection.6.10}{forward（旁路前递）}{section.6}% 86
\BOOKMARK [1][-]{section.7}{测试及结果分析}{}% 87
\BOOKMARK [2][-]{subsection.7.1}{仿真代码及分析}{section.7}% 88
\BOOKMARK [2][-]{subsection.7.2}{仿真测试结果}{section.7}% 89
\BOOKMARK [3][-]{subsubsection.7.2.1}{数据冒险}{subsection.7.2}% 90
\BOOKMARK [3][-]{subsubsection.7.2.2}{控制冒险}{subsection.7.2}% 91
\BOOKMARK [2][-]{subsection.7.3}{下载测试代码及分析}{section.7}% 92
\BOOKMARK [2][-]{subsection.7.4}{下载测试结果}{section.7}% 93
\BOOKMARK [1][-]{section.8}{实验总结}{}% 94
\BOOKMARK [2][-]{subsection.8.1}{实验总结}{section.8}% 95
\BOOKMARK [2][-]{subsection.8.2}{取得的收获}{section.8}% 96
