\BOOKMARK [1][-]{section.1}{\376\377\137\025\212\000}{}% 1
\BOOKMARK [2][-]{subsection.1.1}{\376\377\133\236\232\214\166\356\166\204}{section.1}% 2
\BOOKMARK [2][-]{subsection.1.2}{\376\377\126\375\121\205\131\026\170\024\172\166\163\260\162\266}{section.1}% 3
\BOOKMARK [1][-]{section.2}{\376\377\133\236\232\214\163\257\130\203\116\313\176\315}{}% 4
\BOOKMARK [2][-]{subsection.2.1}{\376\377\000V\000e\000r\000i\000l\000o\000g\000\040\000H\000D\000L}{section.2}% 5
\BOOKMARK [2][-]{subsection.2.2}{\376\377\000V\000e\000n\000u\000s}{section.2}% 6
\BOOKMARK [2][-]{subsection.2.3}{\376\377\000M\000o\000d\000e\000l\000S\000i\000m}{section.2}% 7
\BOOKMARK [2][-]{subsection.2.4}{\376\377\000X\000i\000l\000i\000n\000x\000\040\000I\000S\000E}{section.2}% 8
\BOOKMARK [2][-]{subsection.2.5}{\376\377\000S\000W\000O\000R\000D}{section.2}% 9
\BOOKMARK [1][-]{section.3}{\376\377\151\202\211\201\213\276\213\241\000\040\000-\000\040\123\125\124\150\147\037}{}% 10
\BOOKMARK [2][-]{subsection.3.1}{\376\377\140\073\117\123\213\276\213\241}{section.3}% 11
\BOOKMARK [2][-]{subsection.3.2}{\376\377\000P\000C\377\010\172\013\136\217\213\241\145\160\126\150\377\011}{section.3}% 12
\BOOKMARK [3][-]{subsubsection.3.2.1}{\376\377\122\237\200\375\143\317\217\360}{subsection.3.2}% 13
\BOOKMARK [3][-]{subsubsection.3.2.2}{\376\377\152\041\127\127\143\245\123\343}{subsection.3.2}% 14
\BOOKMARK [2][-]{subsection.3.3}{\376\377\000R\000F\377\010\133\304\133\130\126\150\145\207\116\366\377\011}{section.3}% 15
\BOOKMARK [3][-]{subsubsection.3.3.1}{\376\377\122\237\200\375\143\317\217\360}{subsection.3.3}% 16
\BOOKMARK [3][-]{subsubsection.3.3.2}{\376\377\152\041\127\127\143\245\123\343}{subsection.3.3}% 17
\BOOKMARK [2][-]{subsection.3.4}{\376\377\000C\000t\000r\000l\377\010\143\247\122\066\152\041\127\127\377\011}{section.3}% 18
\BOOKMARK [3][-]{subsubsection.3.4.1}{\376\377\122\237\200\375\143\317\217\360}{subsection.3.4}% 19
\BOOKMARK [3][-]{subsubsection.3.4.2}{\376\377\152\041\127\127\143\245\123\343}{subsection.3.4}% 20
\BOOKMARK [2][-]{subsection.3.5}{\376\377\000A\000L\000U\377\010\217\320\173\227\123\125\121\103\377\011}{section.3}% 21
\BOOKMARK [3][-]{subsubsection.3.5.1}{\376\377\122\237\200\375\143\317\217\360}{subsection.3.5}% 22
\BOOKMARK [3][-]{subsubsection.3.5.2}{\376\377\152\041\127\127\143\245\123\343}{subsection.3.5}% 23
\BOOKMARK [2][-]{subsection.3.6}{\376\377\000E\000X\000T\377\010\173\046\123\367\142\151\134\125\377\011}{section.3}% 24
\BOOKMARK [3][-]{subsubsection.3.6.1}{\376\377\122\237\200\375\143\317\217\360}{subsection.3.6}% 25
\BOOKMARK [3][-]{subsubsection.3.6.2}{\376\377\152\041\127\127\143\245\123\343}{subsection.3.6}% 26
\BOOKMARK [2][-]{subsection.3.7}{\376\377\000D\000M\377\010\145\160\143\156\133\130\120\250\126\150\377\011}{section.3}% 27
\BOOKMARK [3][-]{subsubsection.3.7.1}{\376\377\122\237\200\375\143\317\217\360}{subsection.3.7}% 28
\BOOKMARK [3][-]{subsubsection.3.7.2}{\376\377\152\041\127\127\143\245\123\343}{subsection.3.7}% 29
\BOOKMARK [2][-]{subsection.3.8}{\376\377\000I\000M\377\010\143\007\116\344\133\130\120\250\126\150\377\011}{section.3}% 30
\BOOKMARK [3][-]{subsubsection.3.8.1}{\376\377\122\237\200\375\143\317\217\360}{subsection.3.8}% 31
\BOOKMARK [3][-]{subsubsection.3.8.2}{\376\377\152\041\127\127\143\245\123\343}{subsection.3.8}% 32
\BOOKMARK [2][-]{subsection.3.9}{\376\377\000N\000P\000C\377\010\116\013\116\000\143\007\116\344\127\060\127\100\377\011}{section.3}% 33
\BOOKMARK [3][-]{subsubsection.3.9.1}{\376\377\122\237\200\375\143\317\217\360}{subsection.3.9}% 34
\BOOKMARK [3][-]{subsubsection.3.9.2}{\376\377\152\041\127\127\143\245\123\343}{subsection.3.9}% 35
\BOOKMARK [1][-]{section.4}{\376\377\213\346\176\306\213\276\213\241\000\040\000-\000\040\123\125\124\150\147\037}{}% 36
\BOOKMARK [2][-]{subsection.4.1}{\376\377\000C\000P\000U\140\073\117\123\176\323\147\204}{section.4}% 37
\BOOKMARK [2][-]{subsection.4.2}{\376\377\000P\000C\377\010\172\013\136\217\213\241\145\160\126\150\377\011}{section.4}% 38
\BOOKMARK [2][-]{subsection.4.3}{\376\377\000R\000F\377\010\172\013\136\217\213\241\145\160\126\150\377\011}{section.4}% 39
\BOOKMARK [2][-]{subsection.4.4}{\376\377\000C\000t\000r\000l\377\010\143\247\122\066\152\041\127\127\377\011}{section.4}% 40
\BOOKMARK [2][-]{subsection.4.5}{\376\377\000A\000L\000U\377\010\217\320\173\227\123\125\121\103\377\011}{section.4}% 41
\BOOKMARK [2][-]{subsection.4.6}{\376\377\000E\000X\000T\377\010\173\046\123\367\142\151\134\125\377\011}{section.4}% 42
\BOOKMARK [2][-]{subsection.4.7}{\376\377\000N\000P\000C\377\010\116\013\116\000\143\007\116\344\127\060\127\100\377\011}{section.4}% 43
\BOOKMARK [1][-]{section.5}{\376\377\151\202\211\201\213\276\213\241\000\040\000-\000\040\155\101\154\064\176\277}{}% 44
\BOOKMARK [2][-]{subsection.5.1}{\376\377\140\073\117\123\213\276\213\241}{section.5}% 45
\BOOKMARK [2][-]{subsection.5.2}{\376\377\000P\000C\377\010\172\013\136\217\213\241\145\160\126\150\377\011}{section.5}% 46
\BOOKMARK [3][-]{subsubsection.5.2.1}{\376\377\122\237\200\375\143\317\217\360}{subsection.5.2}% 47
\BOOKMARK [3][-]{subsubsection.5.2.2}{\376\377\152\041\127\127\143\245\123\343}{subsection.5.2}% 48
\BOOKMARK [2][-]{subsection.5.3}{\376\377\000R\000F\377\010\133\304\133\130\126\150\145\207\116\366\377\011}{section.5}% 49
\BOOKMARK [3][-]{subsubsection.5.3.1}{\376\377\122\237\200\375\143\317\217\360}{subsection.5.3}% 50
\BOOKMARK [3][-]{subsubsection.5.3.2}{\376\377\152\041\127\127\143\245\123\343}{subsection.5.3}% 51
\BOOKMARK [2][-]{subsection.5.4}{\376\377\000C\000t\000r\000l\377\010\143\247\122\066\152\041\127\127\377\011}{section.5}% 52
\BOOKMARK [3][-]{subsubsection.5.4.1}{\376\377\122\237\200\375\143\317\217\360}{subsection.5.4}% 53
\BOOKMARK [3][-]{subsubsection.5.4.2}{\376\377\152\041\127\127\143\245\123\343}{subsection.5.4}% 54
\BOOKMARK [2][-]{subsection.5.5}{\376\377\000A\000L\000U\377\010\217\320\173\227\123\125\121\103\377\011}{section.5}% 55
\BOOKMARK [3][-]{subsubsection.5.5.1}{\376\377\122\237\200\375\143\317\217\360}{subsection.5.5}% 56
\BOOKMARK [3][-]{subsubsection.5.5.2}{\376\377\152\041\127\127\143\245\123\343}{subsection.5.5}% 57
\BOOKMARK [2][-]{subsection.5.6}{\376\377\000E\000X\000T\377\010\173\046\123\367\142\151\134\125\377\011}{section.5}% 58
\BOOKMARK [3][-]{subsubsection.5.6.1}{\376\377\122\237\200\375\143\317\217\360}{subsection.5.6}% 59
\BOOKMARK [3][-]{subsubsection.5.6.2}{\376\377\152\041\127\127\143\245\123\343}{subsection.5.6}% 60
\BOOKMARK [2][-]{subsection.5.7}{\376\377\000D\000M\377\010\145\160\143\156\133\130\120\250\126\150\377\011}{section.5}% 61
\BOOKMARK [3][-]{subsubsection.5.7.1}{\376\377\122\237\200\375\143\317\217\360}{subsection.5.7}% 62
\BOOKMARK [3][-]{subsubsection.5.7.2}{\376\377\152\041\127\127\143\245\123\343}{subsection.5.7}% 63
\BOOKMARK [2][-]{subsection.5.8}{\376\377\000I\000M\377\010\143\007\116\344\133\130\120\250\126\150\377\011}{section.5}% 64
\BOOKMARK [3][-]{subsubsection.5.8.1}{\376\377\122\237\200\375\143\317\217\360}{subsection.5.8}% 65
\BOOKMARK [3][-]{subsubsection.5.8.2}{\376\377\152\041\127\127\143\245\123\343}{subsection.5.8}% 66
\BOOKMARK [2][-]{subsection.5.9}{\376\377\000f\000l\000o\000p\377\010\155\101\154\064\176\277\133\304\133\130\126\150\377\011}{section.5}% 67
\BOOKMARK [3][-]{subsubsection.5.9.1}{\376\377\122\237\200\375\143\317\217\360}{subsection.5.9}% 68
\BOOKMARK [3][-]{subsubsection.5.9.2}{\376\377\152\041\127\127\143\245\123\343}{subsection.5.9}% 69
\BOOKMARK [2][-]{subsection.5.10}{\376\377\000h\000a\000z\000a\000r\000d\377\010\121\222\226\151\143\242\155\113\377\011}{section.5}% 70
\BOOKMARK [3][-]{subsubsection.5.10.1}{\376\377\122\237\200\375\143\317\217\360}{subsection.5.10}% 71
\BOOKMARK [3][-]{subsubsection.5.10.2}{\376\377\152\041\127\127\143\245\123\343}{subsection.5.10}% 72
\BOOKMARK [2][-]{subsection.5.11}{\376\377\000f\000o\000r\000w\000a\000r\000d\377\010\145\301\215\357\122\115\220\022\377\011}{section.5}% 73
\BOOKMARK [3][-]{subsubsection.5.11.1}{\376\377\122\237\200\375\143\317\217\360}{subsection.5.11}% 74
\BOOKMARK [3][-]{subsubsection.5.11.2}{\376\377\152\041\127\127\143\245\123\343}{subsection.5.11}% 75
\BOOKMARK [1][-]{section.6}{\376\377\213\346\176\306\213\276\213\241\000\040\000-\000\040\155\101\154\064\176\277}{}% 76
\BOOKMARK [2][-]{subsection.6.1}{\376\377\000C\000P\000U\140\073\117\123\176\323\147\204}{section.6}% 77
\BOOKMARK [2][-]{subsection.6.2}{\376\377\000d\000a\000t\000a\000p\000a\000t\000h\377\010\145\160\143\156\220\032\215\357\377\011}{section.6}% 78
\BOOKMARK [2][-]{subsection.6.3}{\376\377\000P\000C\377\010\172\013\136\217\213\241\145\160\126\150\377\011}{section.6}% 79
\BOOKMARK [2][-]{subsection.6.4}{\376\377\000R\000F\377\010\133\304\133\130\126\150\145\207\116\366\377\011}{section.6}% 80
\BOOKMARK [2][-]{subsection.6.5}{\376\377\000C\000t\000r\000l\377\010\143\247\122\066\152\041\127\127\377\011}{section.6}% 81
\BOOKMARK [2][-]{subsection.6.6}{\376\377\000A\000L\000U\377\010\217\320\173\227\123\125\121\103\377\011}{section.6}% 82
\BOOKMARK [2][-]{subsection.6.7}{\376\377\000E\000X\000T\377\010\173\046\123\367\142\151\134\125\377\011}{section.6}% 83
\BOOKMARK [2][-]{subsection.6.8}{\376\377\000f\000l\000o\000p\377\010\155\101\154\064\176\277\133\304\133\130\126\150\377\011}{section.6}% 84
\BOOKMARK [2][-]{subsection.6.9}{\376\377\000h\000a\000z\000a\000r\000d\377\010\121\222\226\151\143\242\155\113\377\011}{section.6}% 85
\BOOKMARK [2][-]{subsection.6.10}{\376\377\000f\000o\000r\000w\000a\000r\000d\377\010\145\301\215\357\122\115\220\022\377\011}{section.6}% 86
\BOOKMARK [1][-]{section.7}{\376\377\155\113\213\325\123\312\176\323\147\234\122\006\147\220}{}% 87
\BOOKMARK [2][-]{subsection.7.1}{\376\377\116\377\167\037\116\343\170\001\123\312\122\006\147\220}{section.7}% 88
\BOOKMARK [2][-]{subsection.7.2}{\376\377\116\377\167\037\155\113\213\325\176\323\147\234}{section.7}% 89
\BOOKMARK [3][-]{subsubsection.7.2.1}{\376\377\145\160\143\156\121\222\226\151}{subsection.7.2}% 90
\BOOKMARK [3][-]{subsubsection.7.2.2}{\376\377\143\247\122\066\121\222\226\151}{subsection.7.2}% 91
\BOOKMARK [2][-]{subsection.7.3}{\376\377\116\013\217\175\155\113\213\325\116\343\170\001\123\312\122\006\147\220}{section.7}% 92
\BOOKMARK [2][-]{subsection.7.4}{\376\377\116\013\217\175\155\113\213\325\176\323\147\234}{section.7}% 93
\BOOKMARK [1][-]{section.8}{\376\377\133\236\232\214\140\073\176\323}{}% 94
\BOOKMARK [2][-]{subsection.8.1}{\376\377\133\236\232\214\140\073\176\323}{section.8}% 95
\BOOKMARK [2][-]{subsection.8.2}{\376\377\123\326\137\227\166\204\145\066\203\267}{section.8}% 96
